c:\project_root\build\multiappprogram.dir\debug\vc143.pdb
c:\project_root\build\multiappprogram.dir\debug\weather.obj
c:\project_root\build\multiappprogram.dir\debug\settings.obj
c:\project_root\build\multiappprogram.dir\debug\map.obj
c:\project_root\build\multiappprogram.dir\debug\mainwindow.obj
c:\project_root\build\multiappprogram.dir\debug\main.obj
c:\project_root\build\multiappprogram.dir\debug\database.obj
c:\project_root\build\multiappprogram.dir\debug\chatbot.obj
c:\project_root\build\multiappprogram.dir\debug\camera.obj
c:\project_root\build\cmakefiles\generate.stamp
c:\project_root\build\debug\multiappprogram.exe
c:\project_root\build\debug\multiappprogram.pdb
c:\project_root\build\multiappprogram.dir\debug\multiappprogram.ilk
c:\project_root\build\multiappprogram.dir\debug\multiappprogram.tlog\cl.command.1.tlog
c:\project_root\build\multiappprogram.dir\debug\multiappprogram.tlog\cl.items.tlog
c:\project_root\build\multiappprogram.dir\debug\multiappprogram.tlog\cl.read.1.tlog
c:\project_root\build\multiappprogram.dir\debug\multiappprogram.tlog\cl.write.1.tlog
c:\project_root\build\multiappprogram.dir\debug\multiappprogram.tlog\custombuild.command.1.tlog
c:\project_root\build\multiappprogram.dir\debug\multiappprogram.tlog\custombuild.read.1.tlog
c:\project_root\build\multiappprogram.dir\debug\multiappprogram.tlog\custombuild.write.1.tlog
c:\project_root\build\multiappprogram.dir\debug\multiappprogram.tlog\link.command.1.tlog
c:\project_root\build\multiappprogram.dir\debug\multiappprogram.tlog\link.read.1.tlog
c:\project_root\build\multiappprogram.dir\debug\multiappprogram.tlog\link.secondary.1.tlog
c:\project_root\build\multiappprogram.dir\debug\multiappprogram.tlog\link.write.1.tlog
